<?xml version="1.0" encoding="UTF-8"?>
<!-- Generated by org.testng.reporters.JUnitReportReporter -->
<testsuite hostname="LAPTOP-SNCES83Q" failures="0" tests="2" name="anushaankam.tests.ErrorValidationsTest" time="45.828" errors="0" timestamp="2024-11-06T18:43:11 IST" skipped="0">
  <testcase classname="anushaankam.tests.ErrorValidationsTest" name="ProductErrorValidation" time="39.876"/>
  <testcase classname="anushaankam.tests.ErrorValidationsTest" name="LoginErrorValidation" time="5.952"/>
</testsuite> <!-- anushaankam.tests.ErrorValidationsTest -->
