<?xml version="1.0" encoding="UTF-8"?>
<!-- Generated by org.testng.reporters.JUnitReportReporter -->
<testsuite hostname="LAPTOP-SNCES83Q" failures="0" tests="1" name="anushaankam.tests.ErrorValidation" time="0.884" errors="0" timestamp="2024-06-18T21:46:11 IST" skipped="0">
  <testcase classname="anushaankam.tests.ErrorValidation" name="TestApp" time="0.884"/>
</testsuite> <!-- anushaankam.tests.ErrorValidation -->
