<?xml version="1.0" encoding="UTF-8"?>
<!-- Generated by org.testng.reporters.JUnitReportReporter -->
<testsuite hostname="LAPTOP-SNCES83Q" failures="0" tests="3" name="anushaankam.tests.SubmitOrderTest" time="97.404" errors="0" timestamp="2024-11-06T18:42:07 IST" skipped="0">
  <testcase classname="anushaankam.tests.SubmitOrderTest" name="TestApp" time="45.973"/>
  <testcase classname="anushaankam.tests.SubmitOrderTest" name="TestApp" time="46.690"/>
  <testcase classname="anushaankam.tests.SubmitOrderTest" name="OrderHistoryTest" time="4.741"/>
</testsuite> <!-- anushaankam.tests.SubmitOrderTest -->
