<?xml version="1.0" encoding="UTF-8"?>
<!-- Generated by org.testng.reporters.JUnitReportReporter -->
<testsuite hostname="LAPTOP-SNCES83Q" failures="0" tests="3" name="anushaankam.tests.SubmitOrderTest" time="262.066" errors="0" timestamp="2024-09-04T19:35:48 IST" skipped="0">
  <testcase classname="anushaankam.tests.SubmitOrderTest" name="TestApp" time="44.799"/>
  <testcase classname="anushaankam.tests.SubmitOrderTest" name="TestApp" time="47.545"/>
  <testcase classname="anushaankam.tests.SubmitOrderTest" name="OrderHistoryTest" time="169.722"/>
</testsuite> <!-- anushaankam.tests.SubmitOrderTest -->
