<?xml version="1.0" encoding="UTF-8"?>
<!-- Generated by org.testng.reporters.JUnitReportReporter -->
<testsuite hostname="LAPTOP-SNCES83Q" failures="0" tests="2" name="anushaankam.tests.ErrorValidationsTest" time="45.984" errors="0" timestamp="2024-09-04T19:35:48 IST" skipped="0">
  <testcase classname="anushaankam.tests.ErrorValidationsTest" name="LoginErrorValidation" time="5.377"/>
  <testcase classname="anushaankam.tests.ErrorValidationsTest" name="ProductErrorValidation" time="40.607"/>
</testsuite> <!-- anushaankam.tests.ErrorValidationsTest -->
