<?xml version="1.0" encoding="UTF-8"?>
<!-- Generated by org.testng.reporters.JUnitReportReporter -->
<testsuite hostname="LAPTOP-SNCES83Q" failures="0" tests="1" name="Cucumber.TestNGTestRunner" time="6.151" errors="0" timestamp="2024-09-04T19:35:39 IST" skipped="0">
  <testcase classname="Cucumber.TestNGTestRunner" name="runScenario" time="6.151"/>
</testsuite> <!-- Cucumber.TestNGTestRunner -->
